c:\users\катя\desktop\сдать мс\буйныйшредингер\буйныйшредингер\debug\буйныйшредингер.pch
c:\users\катя\desktop\сдать мс\буйныйшредингер\буйныйшредингер\debug\vc120.pdb
c:\users\катя\desktop\сдать мс\буйныйшредингер\буйныйшредингер\debug\vc120.idb
c:\users\катя\desktop\сдать мс\буйныйшредингер\буйныйшредингер\debug\stdafx.obj
c:\users\катя\desktop\сдать мс\буйныйшредингер\буйныйшредингер\debug\crazyw.obj
c:\users\катя\desktop\сдать мс\буйныйшредингер\буйныйшредингер\debug\picspectr.obj
c:\users\катя\desktop\сдать мс\буйныйшредингер\буйныйшредингер\debug\picstaticw.obj
c:\users\катя\desktop\сдать мс\буйныйшредингер\буйныйшредингер\debug\буйныйшредингер.obj
c:\users\катя\desktop\сдать мс\буйныйшредингер\буйныйшредингер\debug\буйныйшредингерdlg.obj
c:\users\катя\desktop\сдать мс\буйныйшредингер\буйныйшредингер\debug\буйныйшредингер.res
c:\users\катя\desktop\сдать мс\буйныйшредингер\debug\буйныйшредингер.exe
c:\users\катя\desktop\сдать мс\буйныйшредингер\буйныйшредингер\debug\буйныйшредингер.tlog\cl.command.1.tlog
c:\users\катя\desktop\сдать мс\буйныйшредингер\буйныйшредингер\debug\буйныйшредингер.tlog\cl.read.1.tlog
c:\users\катя\desktop\сдать мс\буйныйшредингер\буйныйшредингер\debug\буйныйшредингер.tlog\cl.write.1.tlog
c:\users\катя\desktop\сдать мс\буйныйшредингер\буйныйшредингер\debug\буйныйшредингер.tlog\link.command.1.tlog
c:\users\катя\desktop\сдать мс\буйныйшредингер\буйныйшредингер\debug\буйныйшредингер.tlog\link.read.1.tlog
c:\users\катя\desktop\сдать мс\буйныйшредингер\буйныйшредингер\debug\буйныйшредингер.tlog\link.write.1.tlog
c:\users\катя\desktop\сдать мс\буйныйшредингер\буйныйшредингер\debug\буйныйшредингер.tlog\rc.command.1.tlog
c:\users\катя\desktop\сдать мс\буйныйшредингер\буйныйшредингер\debug\буйныйшредингер.tlog\rc.read.1.tlog
c:\users\катя\desktop\сдать мс\буйныйшредингер\буйныйшредингер\debug\буйныйшредингер.tlog\rc.write.1.tlog
