c:\users\рр\documents\dipolefdtd\dipolefdtd\release\dipolefdtd.pch
c:\users\рр\documents\dipolefdtd\dipolefdtd\release\vc120.pdb
c:\users\рр\documents\dipolefdtd\dipolefdtd\release\stdafx.obj
c:\users\рр\documents\dipolefdtd\dipolefdtd\release\triangulation.obj
c:\users\рр\documents\dipolefdtd\dipolefdtd\release\point.obj
c:\users\рр\documents\dipolefdtd\dipolefdtd\release\initializingthedrawingwindow.obj
c:\users\рр\documents\dipolefdtd\dipolefdtd\release\draw.obj
c:\users\рр\documents\dipolefdtd\dipolefdtd\release\dipolefdtddlg.obj
c:\users\рр\documents\dipolefdtd\dipolefdtd\release\dipolefdtd.obj
c:\users\рр\documents\dipolefdtd\release\dipolefdtd.exe
c:\users\рр\documents\dipolefdtd\release\dipolefdtd.pdb
c:\users\рр\documents\dipolefdtd\dipolefdtd\release\dipolefdtd.res
c:\users\рр\documents\dipolefdtd\dipolefdtd\release\dipolefdtd.tlog\cl.command.1.tlog
c:\users\рр\documents\dipolefdtd\dipolefdtd\release\dipolefdtd.tlog\cl.read.1.tlog
c:\users\рр\documents\dipolefdtd\dipolefdtd\release\dipolefdtd.tlog\cl.write.1.tlog
c:\users\рр\documents\dipolefdtd\dipolefdtd\release\dipolefdtd.tlog\link.command.1.tlog
c:\users\рр\documents\dipolefdtd\dipolefdtd\release\dipolefdtd.tlog\link.read.1.tlog
c:\users\рр\documents\dipolefdtd\dipolefdtd\release\dipolefdtd.tlog\link.write.1.tlog
c:\users\рр\documents\dipolefdtd\dipolefdtd\release\dipolefdtd.tlog\rc.command.1.tlog
c:\users\рр\documents\dipolefdtd\dipolefdtd\release\dipolefdtd.tlog\rc.read.1.tlog
c:\users\рр\documents\dipolefdtd\dipolefdtd\release\dipolefdtd.tlog\rc.write.1.tlog
